C:\USERS\PATRICK\DESKTOP\ANIMATIONLAB1\ANIMATIONLAB1\DEBUG\MAIN.OBJ
C:\USERS\PATRICK\DESKTOP\ANIMATIONLAB1\ANIMATIONLAB1\DEBUG\VC100.PDB
C:\USERS\PATRICK\DESKTOP\ANIMATIONLAB1\ANIMATIONLAB1\DEBUG\SHADER.OBJ
C:\USERS\PAD\DESKTOP\ANIMATIONLAB1\ANIMATIONLAB1\DEBUG\MAIN.OBJ
C:\USERS\PAD\DESKTOP\ANIMATIONLAB1\ANIMATIONLAB1\DEBUG\SHADER.OBJ
C:\USERS\PAD\DESKTOP\ANIMATIONLAB1\ANIMATIONLAB1\DEBUG\VC100.PDB
C:\USERS\PAD\DESKTOP\ANIMATIONLAB1\ANIMATIONLAB1\DEBUG\MATHS_FUNCS.OBJ
C:\USERS\PAD\DESKTOP\ANIMATIONLAB1\ANIMATIONLAB1\DEBUG\CAMERA.OBJ
C:\USERS\PAD\DESKTOP\ANIMATIONLAB1\ANIMATIONLAB1\DEBUG\OBJECT3D.OBJ
\\THOLOS.ITSERV.SCSS.TCD.IE\PGRAD\OHALLOP\DESKTOP\ANIMATIONLAB1\ANIMATIONLAB1\ANIMATIONLAB1\DEBUG\CAMERA.OBJ
\\THOLOS.ITSERV.SCSS.TCD.IE\PGRAD\OHALLOP\DESKTOP\ANIMATIONLAB1\ANIMATIONLAB1\ANIMATIONLAB1\DEBUG\MAIN.OBJ
\\THOLOS.ITSERV.SCSS.TCD.IE\PGRAD\OHALLOP\DESKTOP\ANIMATIONLAB1\ANIMATIONLAB1\ANIMATIONLAB1\DEBUG\OBJECT3D.OBJ
\\THOLOS.ITSERV.SCSS.TCD.IE\PGRAD\OHALLOP\DESKTOP\ANIMATIONLAB1\ANIMATIONLAB1\ANIMATIONLAB1\DEBUG\SHADER.OBJ
\\THOLOS.ITSERV.SCSS.TCD.IE\PGRAD\OHALLOP\DESKTOP\ANIMATIONLAB1\ANIMATIONLAB1\ANIMATIONLAB1\DEBUG\VC100.PDB
\\THOLOS.ITSERV.SCSS.TCD.IE\PGRAD\OHALLOP\DESKTOP\ANIMATIONLAB1\ANIMATIONLAB1\ANIMATIONLAB1\DEBUG\SHADERMANAGER.OBJ
\\THOLOS.ITSERV.SCSS.TCD.IE\PGRAD\OHALLOP\DESKTOP\ANIMATIONLAB1\ANIMATIONLAB1\ANIMATIONLAB1\DEBUG\SKELETON.OBJ
\\THOLOS.ITSERV.SCSS.TCD.IE\PGRAD\OHALLOP\DESKTOP\ANIMATIONLAB1\ANIMATIONLAB1\ANIMATIONLAB1\DEBUG\BONE.OBJ
C:\USERS\PAD\DESKTOP\ANIMATIONLAB1\ANIMATIONLAB1\DEBUG\BONE.OBJ
C:\USERS\PAD\DESKTOP\ANIMATIONLAB1\ANIMATIONLAB1\DEBUG\SHADERMANAGER.OBJ
C:\USERS\PAD\DESKTOP\ANIMATIONLAB1\ANIMATIONLAB1\DEBUG\SKELETON.OBJ
C:\USERS\PAD\DESKTOP\NEW FOLDER (2)\ANIMATIONLAB1\ANIMATIONLAB1\DEBUG\BONE.OBJ
C:\USERS\PAD\DESKTOP\NEW FOLDER (2)\ANIMATIONLAB1\ANIMATIONLAB1\DEBUG\CAMERA.OBJ
C:\USERS\PAD\DESKTOP\NEW FOLDER (2)\ANIMATIONLAB1\ANIMATIONLAB1\DEBUG\MAIN.OBJ
C:\USERS\PAD\DESKTOP\NEW FOLDER (2)\ANIMATIONLAB1\ANIMATIONLAB1\DEBUG\OBJECT3D.OBJ
C:\USERS\PAD\DESKTOP\NEW FOLDER (2)\ANIMATIONLAB1\ANIMATIONLAB1\DEBUG\SHADER.OBJ
C:\USERS\PAD\DESKTOP\NEW FOLDER (2)\ANIMATIONLAB1\ANIMATIONLAB1\DEBUG\SHADERMANAGER.OBJ
C:\USERS\PAD\DESKTOP\NEW FOLDER (2)\ANIMATIONLAB1\ANIMATIONLAB1\DEBUG\SKELETON.OBJ
C:\USERS\PAD\DESKTOP\NEW FOLDER (2)\ANIMATIONLAB1\ANIMATIONLAB1\DEBUG\VC110.PDB
C:\USERS\PATRICK\DESKTOP\ANIMATIONLAB1\DEBUG\ANIMATIONLAB1.ILK
C:\USERS\PATRICK\DESKTOP\ANIMATIONLAB1\DEBUG\ANIMATIONLAB1.EXE
C:\USERS\PATRICK\DESKTOP\ANIMATIONLAB1\ANIMATIONLAB1\DEBUG\ANIMATIONLAB1.EXE.INTERMEDIATE.MANIFEST
C:\USERS\PATRICK\DESKTOP\ANIMATIONLAB1\DEBUG\ANIMATIONLAB1.PDB
\\THOLOS.ITSERV.SCSS.TCD.IE\PGRAD\OHALLOP\DESKTOP\ANIMATIONLAB1\ANIMATIONLAB1\DEBUG\ANIMATIONLAB1.ILK
\\THOLOS.ITSERV.SCSS.TCD.IE\PGRAD\OHALLOP\DESKTOP\ANIMATIONLAB1\ANIMATIONLAB1\DEBUG\ANIMATIONLAB1.EXE
\\THOLOS.ITSERV.SCSS.TCD.IE\PGRAD\OHALLOP\DESKTOP\ANIMATIONLAB1\ANIMATIONLAB1\ANIMATIONLAB1\DEBUG\ANIMATIONLAB1.EXE.INTERMEDIATE.MANIFEST
\\THOLOS.ITSERV.SCSS.TCD.IE\PGRAD\OHALLOP\DESKTOP\ANIMATIONLAB1\ANIMATIONLAB1\DEBUG\ANIMATIONLAB1.PDB
C:\USERS\PAD\DESKTOP\ANIMATIONLAB1\DEBUG\ANIMATIONLAB1.ILK
C:\USERS\PAD\DESKTOP\ANIMATIONLAB1\DEBUG\ANIMATIONLAB1.EXE
C:\USERS\PAD\DESKTOP\ANIMATIONLAB1\ANIMATIONLAB1\DEBUG\ANIMATIONLAB1.EXE.INTERMEDIATE.MANIFEST
C:\USERS\PAD\DESKTOP\ANIMATIONLAB1\DEBUG\ANIMATIONLAB1.PDB
C:\USERS\PATRICK\DESKTOP\ANIMATIONLAB1\ANIMATIONLAB1\DEBUG\ANIMATIONLAB1.EXE.EMBED.MANIFEST
C:\USERS\PATRICK\DESKTOP\ANIMATIONLAB1\ANIMATIONLAB1\DEBUG\ANIMATIONLAB1.EXE.EMBED.MANIFEST.RES
C:\USERS\PAD\DESKTOP\ANIMATIONLAB1\ANIMATIONLAB1\DEBUG\ANIMATIONLAB1.EXE.EMBED.MANIFEST.RES
\\THOLOS.ITSERV.SCSS.TCD.IE\PGRAD\OHALLOP\DESKTOP\ANIMATIONLAB1\ANIMATIONLAB1\ANIMATIONLAB1\DEBUG\ANIMATIONLAB1.EXE.EMBED.MANIFEST.RES
C:\Users\Pad\Desktop\New folder (2)\AnimationLab1\AnimationLab1\Debug\AnimationLab1.vcxprojResolveAssemblyReference.cache
C:\Users\Pad\Desktop\New folder (2)\AnimationLab1\AnimationLab1\Debug\Bone.obj
C:\Users\Pad\Desktop\New folder (2)\AnimationLab1\AnimationLab1\Debug\Camera.obj
C:\Users\Pad\Desktop\New folder (2)\AnimationLab1\AnimationLab1\Debug\main.obj
C:\Users\Pad\Desktop\New folder (2)\AnimationLab1\AnimationLab1\Debug\maths_funcs.obj
C:\Users\Pad\Desktop\New folder (2)\AnimationLab1\AnimationLab1\Debug\Object3D.obj
C:\Users\Pad\Desktop\New folder (2)\AnimationLab1\AnimationLab1\Debug\Shader.obj
C:\Users\Pad\Desktop\New folder (2)\AnimationLab1\AnimationLab1\Debug\ShaderManager.obj
C:\Users\Pad\Desktop\New folder (2)\AnimationLab1\AnimationLab1\Debug\Skeleton.obj
C:\Users\Pad\Desktop\New folder (2)\AnimationLab1\AnimationLab1\Debug\AnimationLab1.write.1.tlog
C:\Users\Pad\Desktop\New folder (2)\AnimationLab1\AnimationLab1\Debug\cl.command.1.tlog
C:\Users\Pad\Desktop\New folder (2)\AnimationLab1\AnimationLab1\Debug\CL.read.1.tlog
C:\Users\Pad\Desktop\New folder (2)\AnimationLab1\AnimationLab1\Debug\CL.write.1.tlog
C:\Users\Pad\Desktop\New folder (2)\AnimationLab1\AnimationLab1\Debug\link-cvtres.read.1.tlog
C:\Users\Pad\Desktop\New folder (2)\AnimationLab1\AnimationLab1\Debug\link-cvtres.write.1.tlog
C:\Users\Pad\Desktop\New folder (2)\AnimationLab1\AnimationLab1\Debug\link-rc.read.1.tlog
C:\Users\Pad\Desktop\New folder (2)\AnimationLab1\AnimationLab1\Debug\link-rc.write.1.tlog
C:\Users\Pad\Desktop\New folder (2)\AnimationLab1\AnimationLab1\Debug\link.10004-cvtres.read.1.tlog
C:\Users\Pad\Desktop\New folder (2)\AnimationLab1\AnimationLab1\Debug\link.10004-cvtres.write.1.tlog
C:\Users\Pad\Desktop\New folder (2)\AnimationLab1\AnimationLab1\Debug\link.10004.read.1.tlog
C:\Users\Pad\Desktop\New folder (2)\AnimationLab1\AnimationLab1\Debug\link.10004.write.1.tlog
C:\Users\Pad\Desktop\New folder (2)\AnimationLab1\AnimationLab1\Debug\link.10016-cvtres.read.1.tlog
C:\Users\Pad\Desktop\New folder (2)\AnimationLab1\AnimationLab1\Debug\link.10016-cvtres.write.1.tlog
C:\Users\Pad\Desktop\New folder (2)\AnimationLab1\AnimationLab1\Debug\link.10016.read.1.tlog
C:\Users\Pad\Desktop\New folder (2)\AnimationLab1\AnimationLab1\Debug\link.10016.write.1.tlog
C:\Users\Pad\Desktop\New folder (2)\AnimationLab1\AnimationLab1\Debug\link.10060-cvtres.read.1.tlog
C:\Users\Pad\Desktop\New folder (2)\AnimationLab1\AnimationLab1\Debug\link.10060-cvtres.write.1.tlog
C:\Users\Pad\Desktop\New folder (2)\AnimationLab1\AnimationLab1\Debug\link.10060.read.1.tlog
C:\Users\Pad\Desktop\New folder (2)\AnimationLab1\AnimationLab1\Debug\link.10060.write.1.tlog
C:\Users\Pad\Desktop\New folder (2)\AnimationLab1\AnimationLab1\Debug\link.124-cvtres.read.1.tlog
C:\Users\Pad\Desktop\New folder (2)\AnimationLab1\AnimationLab1\Debug\link.124-cvtres.write.1.tlog
C:\Users\Pad\Desktop\New folder (2)\AnimationLab1\AnimationLab1\Debug\link.124.read.1.tlog
C:\Users\Pad\Desktop\New folder (2)\AnimationLab1\AnimationLab1\Debug\link.124.write.1.tlog
C:\Users\Pad\Desktop\New folder (2)\AnimationLab1\AnimationLab1\Debug\link.1316-cvtres.read.1.tlog
C:\Users\Pad\Desktop\New folder (2)\AnimationLab1\AnimationLab1\Debug\link.1316-cvtres.write.1.tlog
C:\Users\Pad\Desktop\New folder (2)\AnimationLab1\AnimationLab1\Debug\link.1316.read.1.tlog
C:\Users\Pad\Desktop\New folder (2)\AnimationLab1\AnimationLab1\Debug\link.1316.write.1.tlog
C:\Users\Pad\Desktop\New folder (2)\AnimationLab1\AnimationLab1\Debug\link.1544-cvtres.read.1.tlog
C:\Users\Pad\Desktop\New folder (2)\AnimationLab1\AnimationLab1\Debug\link.1544-cvtres.write.1.tlog
C:\Users\Pad\Desktop\New folder (2)\AnimationLab1\AnimationLab1\Debug\link.1544.read.1.tlog
C:\Users\Pad\Desktop\New folder (2)\AnimationLab1\AnimationLab1\Debug\link.1544.write.1.tlog
C:\Users\Pad\Desktop\New folder (2)\AnimationLab1\AnimationLab1\Debug\link.1612-cvtres.read.1.tlog
C:\Users\Pad\Desktop\New folder (2)\AnimationLab1\AnimationLab1\Debug\link.1612-cvtres.write.1.tlog
C:\Users\Pad\Desktop\New folder (2)\AnimationLab1\AnimationLab1\Debug\link.1612.read.1.tlog
C:\Users\Pad\Desktop\New folder (2)\AnimationLab1\AnimationLab1\Debug\link.1612.write.1.tlog
C:\Users\Pad\Desktop\New folder (2)\AnimationLab1\AnimationLab1\Debug\link.1796-cvtres.read.1.tlog
C:\Users\Pad\Desktop\New folder (2)\AnimationLab1\AnimationLab1\Debug\link.1796-cvtres.write.1.tlog
C:\Users\Pad\Desktop\New folder (2)\AnimationLab1\AnimationLab1\Debug\link.1796.read.1.tlog
C:\Users\Pad\Desktop\New folder (2)\AnimationLab1\AnimationLab1\Debug\link.1796.write.1.tlog
C:\Users\Pad\Desktop\New folder (2)\AnimationLab1\AnimationLab1\Debug\link.2352-cvtres.read.1.tlog
C:\Users\Pad\Desktop\New folder (2)\AnimationLab1\AnimationLab1\Debug\link.2352-cvtres.write.1.tlog
C:\Users\Pad\Desktop\New folder (2)\AnimationLab1\AnimationLab1\Debug\link.2352.read.1.tlog
C:\Users\Pad\Desktop\New folder (2)\AnimationLab1\AnimationLab1\Debug\link.2352.write.1.tlog
C:\Users\Pad\Desktop\New folder (2)\AnimationLab1\AnimationLab1\Debug\link.2428-cvtres.read.1.tlog
C:\Users\Pad\Desktop\New folder (2)\AnimationLab1\AnimationLab1\Debug\link.2428-cvtres.write.1.tlog
C:\Users\Pad\Desktop\New folder (2)\AnimationLab1\AnimationLab1\Debug\link.2428.read.1.tlog
C:\Users\Pad\Desktop\New folder (2)\AnimationLab1\AnimationLab1\Debug\link.2428.write.1.tlog
C:\Users\Pad\Desktop\New folder (2)\AnimationLab1\AnimationLab1\Debug\link.2468-cvtres.read.1.tlog
C:\Users\Pad\Desktop\New folder (2)\AnimationLab1\AnimationLab1\Debug\link.2468-cvtres.write.1.tlog
C:\Users\Pad\Desktop\New folder (2)\AnimationLab1\AnimationLab1\Debug\link.2468.read.1.tlog
C:\Users\Pad\Desktop\New folder (2)\AnimationLab1\AnimationLab1\Debug\link.2468.write.1.tlog
C:\Users\Pad\Desktop\New folder (2)\AnimationLab1\AnimationLab1\Debug\link.2684-cvtres.read.1.tlog
C:\Users\Pad\Desktop\New folder (2)\AnimationLab1\AnimationLab1\Debug\link.2684-cvtres.write.1.tlog
C:\Users\Pad\Desktop\New folder (2)\AnimationLab1\AnimationLab1\Debug\link.2684.read.1.tlog
C:\Users\Pad\Desktop\New folder (2)\AnimationLab1\AnimationLab1\Debug\link.2684.write.1.tlog
C:\Users\Pad\Desktop\New folder (2)\AnimationLab1\AnimationLab1\Debug\link.3128-cvtres.read.1.tlog
C:\Users\Pad\Desktop\New folder (2)\AnimationLab1\AnimationLab1\Debug\link.3128-cvtres.write.1.tlog
C:\Users\Pad\Desktop\New folder (2)\AnimationLab1\AnimationLab1\Debug\link.3128.read.1.tlog
C:\Users\Pad\Desktop\New folder (2)\AnimationLab1\AnimationLab1\Debug\link.3128.write.1.tlog
C:\Users\Pad\Desktop\New folder (2)\AnimationLab1\AnimationLab1\Debug\link.3472-cvtres.read.1.tlog
C:\Users\Pad\Desktop\New folder (2)\AnimationLab1\AnimationLab1\Debug\link.3472-cvtres.write.1.tlog
C:\Users\Pad\Desktop\New folder (2)\AnimationLab1\AnimationLab1\Debug\link.3472.read.1.tlog
C:\Users\Pad\Desktop\New folder (2)\AnimationLab1\AnimationLab1\Debug\link.3472.write.1.tlog
C:\Users\Pad\Desktop\New folder (2)\AnimationLab1\AnimationLab1\Debug\link.3656-cvtres.read.1.tlog
C:\Users\Pad\Desktop\New folder (2)\AnimationLab1\AnimationLab1\Debug\link.3656-cvtres.write.1.tlog
C:\Users\Pad\Desktop\New folder (2)\AnimationLab1\AnimationLab1\Debug\link.3656.read.1.tlog
C:\Users\Pad\Desktop\New folder (2)\AnimationLab1\AnimationLab1\Debug\link.3656.write.1.tlog
C:\Users\Pad\Desktop\New folder (2)\AnimationLab1\AnimationLab1\Debug\link.3700-cvtres.read.1.tlog
C:\Users\Pad\Desktop\New folder (2)\AnimationLab1\AnimationLab1\Debug\link.3700-cvtres.write.1.tlog
C:\Users\Pad\Desktop\New folder (2)\AnimationLab1\AnimationLab1\Debug\link.3700.read.1.tlog
C:\Users\Pad\Desktop\New folder (2)\AnimationLab1\AnimationLab1\Debug\link.3700.write.1.tlog
C:\Users\Pad\Desktop\New folder (2)\AnimationLab1\AnimationLab1\Debug\link.3740-cvtres.read.1.tlog
C:\Users\Pad\Desktop\New folder (2)\AnimationLab1\AnimationLab1\Debug\link.3740-cvtres.write.1.tlog
C:\Users\Pad\Desktop\New folder (2)\AnimationLab1\AnimationLab1\Debug\link.3740.read.1.tlog
C:\Users\Pad\Desktop\New folder (2)\AnimationLab1\AnimationLab1\Debug\link.3740.write.1.tlog
C:\Users\Pad\Desktop\New folder (2)\AnimationLab1\AnimationLab1\Debug\link.3980-cvtres.read.1.tlog
C:\Users\Pad\Desktop\New folder (2)\AnimationLab1\AnimationLab1\Debug\link.3980-cvtres.write.1.tlog
C:\Users\Pad\Desktop\New folder (2)\AnimationLab1\AnimationLab1\Debug\link.3980.read.1.tlog
C:\Users\Pad\Desktop\New folder (2)\AnimationLab1\AnimationLab1\Debug\link.3980.write.1.tlog
C:\Users\Pad\Desktop\New folder (2)\AnimationLab1\AnimationLab1\Debug\link.4164-cvtres.read.1.tlog
C:\Users\Pad\Desktop\New folder (2)\AnimationLab1\AnimationLab1\Debug\link.4164-cvtres.write.1.tlog
C:\Users\Pad\Desktop\New folder (2)\AnimationLab1\AnimationLab1\Debug\link.4164.read.1.tlog
C:\Users\Pad\Desktop\New folder (2)\AnimationLab1\AnimationLab1\Debug\link.4164.write.1.tlog
C:\Users\Pad\Desktop\New folder (2)\AnimationLab1\AnimationLab1\Debug\link.4400-cvtres.read.1.tlog
C:\Users\Pad\Desktop\New folder (2)\AnimationLab1\AnimationLab1\Debug\link.4400-cvtres.write.1.tlog
C:\Users\Pad\Desktop\New folder (2)\AnimationLab1\AnimationLab1\Debug\link.4400.read.1.tlog
C:\Users\Pad\Desktop\New folder (2)\AnimationLab1\AnimationLab1\Debug\link.4400.write.1.tlog
C:\Users\Pad\Desktop\New folder (2)\AnimationLab1\AnimationLab1\Debug\link.4912-cvtres.read.1.tlog
C:\Users\Pad\Desktop\New folder (2)\AnimationLab1\AnimationLab1\Debug\link.4912-cvtres.write.1.tlog
C:\Users\Pad\Desktop\New folder (2)\AnimationLab1\AnimationLab1\Debug\link.4912.read.1.tlog
C:\Users\Pad\Desktop\New folder (2)\AnimationLab1\AnimationLab1\Debug\link.4912.write.1.tlog
C:\Users\Pad\Desktop\New folder (2)\AnimationLab1\AnimationLab1\Debug\link.5140-cvtres.read.1.tlog
C:\Users\Pad\Desktop\New folder (2)\AnimationLab1\AnimationLab1\Debug\link.5140-cvtres.write.1.tlog
C:\Users\Pad\Desktop\New folder (2)\AnimationLab1\AnimationLab1\Debug\link.5140.read.1.tlog
C:\Users\Pad\Desktop\New folder (2)\AnimationLab1\AnimationLab1\Debug\link.5140.write.1.tlog
C:\Users\Pad\Desktop\New folder (2)\AnimationLab1\AnimationLab1\Debug\link.5156-cvtres.read.1.tlog
C:\Users\Pad\Desktop\New folder (2)\AnimationLab1\AnimationLab1\Debug\link.5156-cvtres.write.1.tlog
C:\Users\Pad\Desktop\New folder (2)\AnimationLab1\AnimationLab1\Debug\link.5156.read.1.tlog
C:\Users\Pad\Desktop\New folder (2)\AnimationLab1\AnimationLab1\Debug\link.5156.write.1.tlog
C:\Users\Pad\Desktop\New folder (2)\AnimationLab1\AnimationLab1\Debug\link.5236-cvtres.read.1.tlog
C:\Users\Pad\Desktop\New folder (2)\AnimationLab1\AnimationLab1\Debug\link.5236-cvtres.write.1.tlog
C:\Users\Pad\Desktop\New folder (2)\AnimationLab1\AnimationLab1\Debug\link.5236.read.1.tlog
C:\Users\Pad\Desktop\New folder (2)\AnimationLab1\AnimationLab1\Debug\link.5236.write.1.tlog
C:\Users\Pad\Desktop\New folder (2)\AnimationLab1\AnimationLab1\Debug\link.5240-cvtres.read.1.tlog
C:\Users\Pad\Desktop\New folder (2)\AnimationLab1\AnimationLab1\Debug\link.5240-cvtres.write.1.tlog
C:\Users\Pad\Desktop\New folder (2)\AnimationLab1\AnimationLab1\Debug\link.5240.read.1.tlog
C:\Users\Pad\Desktop\New folder (2)\AnimationLab1\AnimationLab1\Debug\link.5240.write.1.tlog
C:\Users\Pad\Desktop\New folder (2)\AnimationLab1\AnimationLab1\Debug\link.5356-cvtres.read.1.tlog
C:\Users\Pad\Desktop\New folder (2)\AnimationLab1\AnimationLab1\Debug\link.5356-cvtres.write.1.tlog
C:\Users\Pad\Desktop\New folder (2)\AnimationLab1\AnimationLab1\Debug\link.5356.read.1.tlog
C:\Users\Pad\Desktop\New folder (2)\AnimationLab1\AnimationLab1\Debug\link.5356.write.1.tlog
C:\Users\Pad\Desktop\New folder (2)\AnimationLab1\AnimationLab1\Debug\link.5876-cvtres.read.1.tlog
C:\Users\Pad\Desktop\New folder (2)\AnimationLab1\AnimationLab1\Debug\link.5876-cvtres.write.1.tlog
C:\Users\Pad\Desktop\New folder (2)\AnimationLab1\AnimationLab1\Debug\link.5876.read.1.tlog
C:\Users\Pad\Desktop\New folder (2)\AnimationLab1\AnimationLab1\Debug\link.5876.write.1.tlog
C:\Users\Pad\Desktop\New folder (2)\AnimationLab1\AnimationLab1\Debug\link.6580-cvtres.read.1.tlog
C:\Users\Pad\Desktop\New folder (2)\AnimationLab1\AnimationLab1\Debug\link.6580-cvtres.write.1.tlog
C:\Users\Pad\Desktop\New folder (2)\AnimationLab1\AnimationLab1\Debug\link.6580.read.1.tlog
C:\Users\Pad\Desktop\New folder (2)\AnimationLab1\AnimationLab1\Debug\link.6580.write.1.tlog
C:\Users\Pad\Desktop\New folder (2)\AnimationLab1\AnimationLab1\Debug\link.6624-cvtres.read.1.tlog
C:\Users\Pad\Desktop\New folder (2)\AnimationLab1\AnimationLab1\Debug\link.6624-cvtres.write.1.tlog
C:\Users\Pad\Desktop\New folder (2)\AnimationLab1\AnimationLab1\Debug\link.6624.read.1.tlog
C:\Users\Pad\Desktop\New folder (2)\AnimationLab1\AnimationLab1\Debug\link.6624.write.1.tlog
C:\Users\Pad\Desktop\New folder (2)\AnimationLab1\AnimationLab1\Debug\link.6664-cvtres.read.1.tlog
C:\Users\Pad\Desktop\New folder (2)\AnimationLab1\AnimationLab1\Debug\link.6664-cvtres.write.1.tlog
C:\Users\Pad\Desktop\New folder (2)\AnimationLab1\AnimationLab1\Debug\link.6664.read.1.tlog
C:\Users\Pad\Desktop\New folder (2)\AnimationLab1\AnimationLab1\Debug\link.6664.write.1.tlog
C:\Users\Pad\Desktop\New folder (2)\AnimationLab1\AnimationLab1\Debug\link.6676-cvtres.read.1.tlog
C:\Users\Pad\Desktop\New folder (2)\AnimationLab1\AnimationLab1\Debug\link.6676-cvtres.write.1.tlog
C:\Users\Pad\Desktop\New folder (2)\AnimationLab1\AnimationLab1\Debug\link.6676.read.1.tlog
C:\Users\Pad\Desktop\New folder (2)\AnimationLab1\AnimationLab1\Debug\link.6676.write.1.tlog
C:\Users\Pad\Desktop\New folder (2)\AnimationLab1\AnimationLab1\Debug\link.6828-cvtres.read.1.tlog
C:\Users\Pad\Desktop\New folder (2)\AnimationLab1\AnimationLab1\Debug\link.6828-cvtres.write.1.tlog
C:\Users\Pad\Desktop\New folder (2)\AnimationLab1\AnimationLab1\Debug\link.6828.read.1.tlog
C:\Users\Pad\Desktop\New folder (2)\AnimationLab1\AnimationLab1\Debug\link.6828.write.1.tlog
C:\Users\Pad\Desktop\New folder (2)\AnimationLab1\AnimationLab1\Debug\link.6844-cvtres.read.1.tlog
C:\Users\Pad\Desktop\New folder (2)\AnimationLab1\AnimationLab1\Debug\link.6844-cvtres.write.1.tlog
C:\Users\Pad\Desktop\New folder (2)\AnimationLab1\AnimationLab1\Debug\link.6844.read.1.tlog
C:\Users\Pad\Desktop\New folder (2)\AnimationLab1\AnimationLab1\Debug\link.6844.write.1.tlog
C:\Users\Pad\Desktop\New folder (2)\AnimationLab1\AnimationLab1\Debug\link.6876-cvtres.read.1.tlog
C:\Users\Pad\Desktop\New folder (2)\AnimationLab1\AnimationLab1\Debug\link.6876-cvtres.write.1.tlog
C:\Users\Pad\Desktop\New folder (2)\AnimationLab1\AnimationLab1\Debug\link.6876.read.1.tlog
C:\Users\Pad\Desktop\New folder (2)\AnimationLab1\AnimationLab1\Debug\link.6876.write.1.tlog
C:\Users\Pad\Desktop\New folder (2)\AnimationLab1\AnimationLab1\Debug\link.6884.read.1.tlog
C:\Users\Pad\Desktop\New folder (2)\AnimationLab1\AnimationLab1\Debug\link.6884.write.1.tlog
C:\Users\Pad\Desktop\New folder (2)\AnimationLab1\AnimationLab1\Debug\link.6912-cvtres.read.1.tlog
C:\Users\Pad\Desktop\New folder (2)\AnimationLab1\AnimationLab1\Debug\link.6912-cvtres.write.1.tlog
C:\Users\Pad\Desktop\New folder (2)\AnimationLab1\AnimationLab1\Debug\link.6912.read.1.tlog
C:\Users\Pad\Desktop\New folder (2)\AnimationLab1\AnimationLab1\Debug\link.6912.write.1.tlog
C:\Users\Pad\Desktop\New folder (2)\AnimationLab1\AnimationLab1\Debug\link.6960-cvtres.read.1.tlog
C:\Users\Pad\Desktop\New folder (2)\AnimationLab1\AnimationLab1\Debug\link.6960-cvtres.write.1.tlog
C:\Users\Pad\Desktop\New folder (2)\AnimationLab1\AnimationLab1\Debug\link.6960.read.1.tlog
C:\Users\Pad\Desktop\New folder (2)\AnimationLab1\AnimationLab1\Debug\link.6960.write.1.tlog
C:\Users\Pad\Desktop\New folder (2)\AnimationLab1\AnimationLab1\Debug\link.7008-cvtres.read.1.tlog
C:\Users\Pad\Desktop\New folder (2)\AnimationLab1\AnimationLab1\Debug\link.7008-cvtres.write.1.tlog
C:\Users\Pad\Desktop\New folder (2)\AnimationLab1\AnimationLab1\Debug\link.7008.read.1.tlog
C:\Users\Pad\Desktop\New folder (2)\AnimationLab1\AnimationLab1\Debug\link.7008.write.1.tlog
C:\Users\Pad\Desktop\New folder (2)\AnimationLab1\AnimationLab1\Debug\link.7100-cvtres.read.1.tlog
C:\Users\Pad\Desktop\New folder (2)\AnimationLab1\AnimationLab1\Debug\link.7100-cvtres.write.1.tlog
C:\Users\Pad\Desktop\New folder (2)\AnimationLab1\AnimationLab1\Debug\link.7100.read.1.tlog
C:\Users\Pad\Desktop\New folder (2)\AnimationLab1\AnimationLab1\Debug\link.7100.write.1.tlog
C:\Users\Pad\Desktop\New folder (2)\AnimationLab1\AnimationLab1\Debug\link.7276-cvtres.read.1.tlog
C:\Users\Pad\Desktop\New folder (2)\AnimationLab1\AnimationLab1\Debug\link.7276-cvtres.write.1.tlog
C:\Users\Pad\Desktop\New folder (2)\AnimationLab1\AnimationLab1\Debug\link.7276.read.1.tlog
C:\Users\Pad\Desktop\New folder (2)\AnimationLab1\AnimationLab1\Debug\link.7276.write.1.tlog
C:\Users\Pad\Desktop\New folder (2)\AnimationLab1\AnimationLab1\Debug\link.7384-cvtres.read.1.tlog
C:\Users\Pad\Desktop\New folder (2)\AnimationLab1\AnimationLab1\Debug\link.7384-cvtres.write.1.tlog
C:\Users\Pad\Desktop\New folder (2)\AnimationLab1\AnimationLab1\Debug\link.7384.read.1.tlog
C:\Users\Pad\Desktop\New folder (2)\AnimationLab1\AnimationLab1\Debug\link.7384.write.1.tlog
C:\Users\Pad\Desktop\New folder (2)\AnimationLab1\AnimationLab1\Debug\link.7408-cvtres.read.1.tlog
C:\Users\Pad\Desktop\New folder (2)\AnimationLab1\AnimationLab1\Debug\link.7408-cvtres.write.1.tlog
C:\Users\Pad\Desktop\New folder (2)\AnimationLab1\AnimationLab1\Debug\link.7408.read.1.tlog
C:\Users\Pad\Desktop\New folder (2)\AnimationLab1\AnimationLab1\Debug\link.7408.write.1.tlog
C:\Users\Pad\Desktop\New folder (2)\AnimationLab1\AnimationLab1\Debug\link.7456-cvtres.read.1.tlog
C:\Users\Pad\Desktop\New folder (2)\AnimationLab1\AnimationLab1\Debug\link.7456-cvtres.write.1.tlog
C:\Users\Pad\Desktop\New folder (2)\AnimationLab1\AnimationLab1\Debug\link.7456.read.1.tlog
C:\Users\Pad\Desktop\New folder (2)\AnimationLab1\AnimationLab1\Debug\link.7456.write.1.tlog
C:\Users\Pad\Desktop\New folder (2)\AnimationLab1\AnimationLab1\Debug\link.7568-cvtres.read.1.tlog
C:\Users\Pad\Desktop\New folder (2)\AnimationLab1\AnimationLab1\Debug\link.7568-cvtres.write.1.tlog
C:\Users\Pad\Desktop\New folder (2)\AnimationLab1\AnimationLab1\Debug\link.7568.read.1.tlog
C:\Users\Pad\Desktop\New folder (2)\AnimationLab1\AnimationLab1\Debug\link.7568.write.1.tlog
C:\Users\Pad\Desktop\New folder (2)\AnimationLab1\AnimationLab1\Debug\link.7672-cvtres.read.1.tlog
C:\Users\Pad\Desktop\New folder (2)\AnimationLab1\AnimationLab1\Debug\link.7672-cvtres.write.1.tlog
C:\Users\Pad\Desktop\New folder (2)\AnimationLab1\AnimationLab1\Debug\link.7672.read.1.tlog
C:\Users\Pad\Desktop\New folder (2)\AnimationLab1\AnimationLab1\Debug\link.7672.write.1.tlog
C:\Users\Pad\Desktop\New folder (2)\AnimationLab1\AnimationLab1\Debug\link.7836-cvtres.read.1.tlog
C:\Users\Pad\Desktop\New folder (2)\AnimationLab1\AnimationLab1\Debug\link.7836-cvtres.write.1.tlog
C:\Users\Pad\Desktop\New folder (2)\AnimationLab1\AnimationLab1\Debug\link.7836.read.1.tlog
C:\Users\Pad\Desktop\New folder (2)\AnimationLab1\AnimationLab1\Debug\link.7836.write.1.tlog
C:\Users\Pad\Desktop\New folder (2)\AnimationLab1\AnimationLab1\Debug\link.7984-cvtres.read.1.tlog
C:\Users\Pad\Desktop\New folder (2)\AnimationLab1\AnimationLab1\Debug\link.7984-cvtres.write.1.tlog
C:\Users\Pad\Desktop\New folder (2)\AnimationLab1\AnimationLab1\Debug\link.7984.read.1.tlog
C:\Users\Pad\Desktop\New folder (2)\AnimationLab1\AnimationLab1\Debug\link.7984.write.1.tlog
C:\Users\Pad\Desktop\New folder (2)\AnimationLab1\AnimationLab1\Debug\link.8240-cvtres.read.1.tlog
C:\Users\Pad\Desktop\New folder (2)\AnimationLab1\AnimationLab1\Debug\link.8240-cvtres.write.1.tlog
C:\Users\Pad\Desktop\New folder (2)\AnimationLab1\AnimationLab1\Debug\link.8240.read.1.tlog
C:\Users\Pad\Desktop\New folder (2)\AnimationLab1\AnimationLab1\Debug\link.8240.write.1.tlog
C:\Users\Pad\Desktop\New folder (2)\AnimationLab1\AnimationLab1\Debug\link.8252-cvtres.read.1.tlog
C:\Users\Pad\Desktop\New folder (2)\AnimationLab1\AnimationLab1\Debug\link.8252-cvtres.write.1.tlog
C:\Users\Pad\Desktop\New folder (2)\AnimationLab1\AnimationLab1\Debug\link.8252.read.1.tlog
C:\Users\Pad\Desktop\New folder (2)\AnimationLab1\AnimationLab1\Debug\link.8252.write.1.tlog
C:\Users\Pad\Desktop\New folder (2)\AnimationLab1\AnimationLab1\Debug\link.8396-cvtres.read.1.tlog
C:\Users\Pad\Desktop\New folder (2)\AnimationLab1\AnimationLab1\Debug\link.8396-cvtres.write.1.tlog
C:\Users\Pad\Desktop\New folder (2)\AnimationLab1\AnimationLab1\Debug\link.8396.read.1.tlog
C:\Users\Pad\Desktop\New folder (2)\AnimationLab1\AnimationLab1\Debug\link.8396.write.1.tlog
C:\Users\Pad\Desktop\New folder (2)\AnimationLab1\AnimationLab1\Debug\link.8444-cvtres.read.1.tlog
C:\Users\Pad\Desktop\New folder (2)\AnimationLab1\AnimationLab1\Debug\link.8444-cvtres.write.1.tlog
C:\Users\Pad\Desktop\New folder (2)\AnimationLab1\AnimationLab1\Debug\link.8444.read.1.tlog
C:\Users\Pad\Desktop\New folder (2)\AnimationLab1\AnimationLab1\Debug\link.8444.write.1.tlog
C:\Users\Pad\Desktop\New folder (2)\AnimationLab1\AnimationLab1\Debug\link.8556-cvtres.read.1.tlog
C:\Users\Pad\Desktop\New folder (2)\AnimationLab1\AnimationLab1\Debug\link.8556-cvtres.write.1.tlog
C:\Users\Pad\Desktop\New folder (2)\AnimationLab1\AnimationLab1\Debug\link.8556.read.1.tlog
C:\Users\Pad\Desktop\New folder (2)\AnimationLab1\AnimationLab1\Debug\link.8556.write.1.tlog
C:\Users\Pad\Desktop\New folder (2)\AnimationLab1\AnimationLab1\Debug\link.8584-cvtres.read.1.tlog
C:\Users\Pad\Desktop\New folder (2)\AnimationLab1\AnimationLab1\Debug\link.8584-cvtres.write.1.tlog
C:\Users\Pad\Desktop\New folder (2)\AnimationLab1\AnimationLab1\Debug\link.8584.read.1.tlog
C:\Users\Pad\Desktop\New folder (2)\AnimationLab1\AnimationLab1\Debug\link.8584.write.1.tlog
C:\Users\Pad\Desktop\New folder (2)\AnimationLab1\AnimationLab1\Debug\link.8592-cvtres.read.1.tlog
C:\Users\Pad\Desktop\New folder (2)\AnimationLab1\AnimationLab1\Debug\link.8592-cvtres.write.1.tlog
C:\Users\Pad\Desktop\New folder (2)\AnimationLab1\AnimationLab1\Debug\link.8592.read.1.tlog
C:\Users\Pad\Desktop\New folder (2)\AnimationLab1\AnimationLab1\Debug\link.8592.write.1.tlog
C:\Users\Pad\Desktop\New folder (2)\AnimationLab1\AnimationLab1\Debug\link.8676-cvtres.read.1.tlog
C:\Users\Pad\Desktop\New folder (2)\AnimationLab1\AnimationLab1\Debug\link.8676-cvtres.write.1.tlog
C:\Users\Pad\Desktop\New folder (2)\AnimationLab1\AnimationLab1\Debug\link.8676.read.1.tlog
C:\Users\Pad\Desktop\New folder (2)\AnimationLab1\AnimationLab1\Debug\link.8676.write.1.tlog
C:\Users\Pad\Desktop\New folder (2)\AnimationLab1\AnimationLab1\Debug\link.872-cvtres.read.1.tlog
C:\Users\Pad\Desktop\New folder (2)\AnimationLab1\AnimationLab1\Debug\link.872-cvtres.write.1.tlog
C:\Users\Pad\Desktop\New folder (2)\AnimationLab1\AnimationLab1\Debug\link.872.read.1.tlog
C:\Users\Pad\Desktop\New folder (2)\AnimationLab1\AnimationLab1\Debug\link.872.write.1.tlog
C:\Users\Pad\Desktop\New folder (2)\AnimationLab1\AnimationLab1\Debug\link.8804-cvtres.read.1.tlog
C:\Users\Pad\Desktop\New folder (2)\AnimationLab1\AnimationLab1\Debug\link.8804-cvtres.write.1.tlog
C:\Users\Pad\Desktop\New folder (2)\AnimationLab1\AnimationLab1\Debug\link.8804.read.1.tlog
C:\Users\Pad\Desktop\New folder (2)\AnimationLab1\AnimationLab1\Debug\link.8804.write.1.tlog
C:\Users\Pad\Desktop\New folder (2)\AnimationLab1\AnimationLab1\Debug\link.8904-cvtres.read.1.tlog
C:\Users\Pad\Desktop\New folder (2)\AnimationLab1\AnimationLab1\Debug\link.8904-cvtres.write.1.tlog
C:\Users\Pad\Desktop\New folder (2)\AnimationLab1\AnimationLab1\Debug\link.8904.read.1.tlog
C:\Users\Pad\Desktop\New folder (2)\AnimationLab1\AnimationLab1\Debug\link.8904.write.1.tlog
C:\Users\Pad\Desktop\New folder (2)\AnimationLab1\AnimationLab1\Debug\link.8924-cvtres.read.1.tlog
C:\Users\Pad\Desktop\New folder (2)\AnimationLab1\AnimationLab1\Debug\link.8924-cvtres.write.1.tlog
C:\Users\Pad\Desktop\New folder (2)\AnimationLab1\AnimationLab1\Debug\link.8924.read.1.tlog
C:\Users\Pad\Desktop\New folder (2)\AnimationLab1\AnimationLab1\Debug\link.8924.write.1.tlog
C:\Users\Pad\Desktop\New folder (2)\AnimationLab1\AnimationLab1\Debug\link.9108-cvtres.read.1.tlog
C:\Users\Pad\Desktop\New folder (2)\AnimationLab1\AnimationLab1\Debug\link.9108-cvtres.write.1.tlog
C:\Users\Pad\Desktop\New folder (2)\AnimationLab1\AnimationLab1\Debug\link.9108.read.1.tlog
C:\Users\Pad\Desktop\New folder (2)\AnimationLab1\AnimationLab1\Debug\link.9108.write.1.tlog
C:\Users\Pad\Desktop\New folder (2)\AnimationLab1\AnimationLab1\Debug\link.9268-cvtres.read.1.tlog
C:\Users\Pad\Desktop\New folder (2)\AnimationLab1\AnimationLab1\Debug\link.9268-cvtres.write.1.tlog
C:\Users\Pad\Desktop\New folder (2)\AnimationLab1\AnimationLab1\Debug\link.9268.read.1.tlog
C:\Users\Pad\Desktop\New folder (2)\AnimationLab1\AnimationLab1\Debug\link.9268.write.1.tlog
C:\Users\Pad\Desktop\New folder (2)\AnimationLab1\AnimationLab1\Debug\link.9508-cvtres.read.1.tlog
C:\Users\Pad\Desktop\New folder (2)\AnimationLab1\AnimationLab1\Debug\link.9508-cvtres.write.1.tlog
C:\Users\Pad\Desktop\New folder (2)\AnimationLab1\AnimationLab1\Debug\link.9508.read.1.tlog
C:\Users\Pad\Desktop\New folder (2)\AnimationLab1\AnimationLab1\Debug\link.9508.write.1.tlog
C:\Users\Pad\Desktop\New folder (2)\AnimationLab1\AnimationLab1\Debug\link.9728-cvtres.read.1.tlog
C:\Users\Pad\Desktop\New folder (2)\AnimationLab1\AnimationLab1\Debug\link.9728-cvtres.write.1.tlog
C:\Users\Pad\Desktop\New folder (2)\AnimationLab1\AnimationLab1\Debug\link.9728.read.1.tlog
C:\Users\Pad\Desktop\New folder (2)\AnimationLab1\AnimationLab1\Debug\link.9728.write.1.tlog
C:\Users\Pad\Desktop\New folder (2)\AnimationLab1\AnimationLab1\Debug\link.9784-cvtres.read.1.tlog
C:\Users\Pad\Desktop\New folder (2)\AnimationLab1\AnimationLab1\Debug\link.9784-cvtres.write.1.tlog
C:\Users\Pad\Desktop\New folder (2)\AnimationLab1\AnimationLab1\Debug\link.9784.read.1.tlog
C:\Users\Pad\Desktop\New folder (2)\AnimationLab1\AnimationLab1\Debug\link.9784.write.1.tlog
C:\Users\Pad\Desktop\New folder (2)\AnimationLab1\AnimationLab1\Debug\link.9908-cvtres.read.1.tlog
C:\Users\Pad\Desktop\New folder (2)\AnimationLab1\AnimationLab1\Debug\link.9908-cvtres.write.1.tlog
C:\Users\Pad\Desktop\New folder (2)\AnimationLab1\AnimationLab1\Debug\link.9908.read.1.tlog
C:\Users\Pad\Desktop\New folder (2)\AnimationLab1\AnimationLab1\Debug\link.9908.write.1.tlog
C:\Users\Pad\Desktop\New folder (2)\AnimationLab1\AnimationLab1\Debug\link.command.1.tlog
C:\Users\Pad\Desktop\New folder (2)\AnimationLab1\AnimationLab1\Debug\link.read.1.tlog
C:\Users\Pad\Desktop\New folder (2)\AnimationLab1\AnimationLab1\Debug\link.write.1.tlog
C:\Users\Pad\Desktop\New folder (2)\AnimationLab1\AnimationLab1\Debug\mt.command.1.tlog
C:\Users\Pad\Desktop\New folder (2)\AnimationLab1\AnimationLab1\Debug\mt.read.1.tlog
C:\Users\Pad\Desktop\New folder (2)\AnimationLab1\AnimationLab1\Debug\mt.write.1.tlog
C:\Users\Pad\Desktop\New folder (2)\AnimationLab1\AnimationLab1\Debug\rc.command.1.tlog
C:\Users\Pad\Desktop\New folder (2)\AnimationLab1\AnimationLab1\Debug\rc.read.1.tlog
C:\Users\Pad\Desktop\New folder (2)\AnimationLab1\AnimationLab1\Debug\rc.write.1.tlog
C:\Users\Pad\Desktop\New folder (2)\AnimationLab1\AnimationLab1\Debug\AnimationLab1.exe.embed.manifest
C:\Users\Pad\Desktop\New folder (2)\AnimationLab1\AnimationLab1\Debug\AnimationLab1.exe.intermediate.manifest
C:\Users\Pad\Desktop\New folder (2)\AnimationLab1\AnimationLab1\Debug\AnimationLab1.exe.embed.manifest.res
C:\Users\Pad\Desktop\New folder (2)\AnimationLab1\AnimationLab1\Debug\vc100.idb
C:\Users\Pad\Desktop\New folder (2)\AnimationLab1\AnimationLab1\Debug\vc110.idb
C:\Users\Pad\Desktop\New folder (2)\AnimationLab1\AnimationLab1\Debug\vc100.pdb
C:\Users\Pad\Desktop\New folder (2)\AnimationLab1\AnimationLab1\Debug\vc110.pdb
C:\Users\Pad\Desktop\New folder (2)\AnimationLab1\AnimationLab1\Debug\AnimationLab1_manifest.rc
C:\Users\Pad\Desktop\New folder (2)\AnimationLab1\Debug\AnimationLab1.pdb
