Build started 13/10/2014 18:43:59.
     1>Project "C:\Users\Patrick\Desktop\AnimationLab12\AnimationLab1\AnimationLab1.vcxproj" on node 2 (Build target(s)).
     1>ClCompile:
         C:\Program Files (x86)\Microsoft Visual Studio 11.0\VC\bin\CL.exe /c /I"C:\Users\Patrick\Desktop\AnimationLab12\\AnimationLab1\assimp--3.0.1270-sdk\include" /I"C:\Users\Patrick\Desktop\AnimationLab12\\AnimationLab1\glew-1.10.0\include" /IC:\Users\Patrick\Desktop\AnimationLab12\\AnimationLab1\freeglut\include /I"C:\Users\Patrick\Desktop\AnimationLab12\\AnimationLab1\glm-0.9.5.4\glm" /ZI /nologo /W3 /WX- /MP /Od /Oy- /D WIN32 /D _DEBUG /D _CONSOLE /D _UNICODE /D UNICODE /Gm /EHsc /RTC1 /MDd /GS /fp:precise /Zc:wchar_t /Zc:forScope /Fo"Debug\\" /Fd"Debug\vc110.pdb" /Gd /TP /analyze- /errorReport:prompt main.cpp
         main.cpp
     1>c:\users\patrick\desktop\animationlab12\animationlab1\mesh.h(67): warning C4244: '=' : conversion from 'int' to 'float', possible loss of data
     1>c:\users\patrick\desktop\animationlab12\animationlab1\main.cpp(148): warning C4018: '<' : signed/unsigned mismatch
     1>c:\users\patrick\desktop\animationlab12\animationlab1\main.cpp(236): warning C4258: 'i' : definition from the for loop is ignored; the definition from the enclosing scope is used
                 c:\users\patrick\desktop\animationlab12\animationlab1\main.cpp(229) : definition of 'i' ignored
                 c:\users\patrick\desktop\animationlab12\animationlab1\main.cpp(148) : definition of 'i' used
     1>c:\users\patrick\desktop\animationlab12\animationlab1\main.cpp(239): warning C4258: 'i' : definition from the for loop is ignored; the definition from the enclosing scope is used
                 c:\users\patrick\desktop\animationlab12\animationlab1\main.cpp(229) : definition of 'i' ignored
                 c:\users\patrick\desktop\animationlab12\animationlab1\main.cpp(148) : definition of 'i' used
     1>c:\users\patrick\desktop\animationlab12\animationlab1\main.cpp(242): warning C4258: 'i' : definition from the for loop is ignored; the definition from the enclosing scope is used
                 c:\users\patrick\desktop\animationlab12\animationlab1\main.cpp(229) : definition of 'i' ignored
                 c:\users\patrick\desktop\animationlab12\animationlab1\main.cpp(148) : definition of 'i' used
     1>c:\users\patrick\desktop\animationlab12\animationlab1\main.cpp(245): warning C4258: 'i' : definition from the for loop is ignored; the definition from the enclosing scope is used
                 c:\users\patrick\desktop\animationlab12\animationlab1\main.cpp(229) : definition of 'i' ignored
                 c:\users\patrick\desktop\animationlab12\animationlab1\main.cpp(148) : definition of 'i' used
         GLM: rotate function taking degrees as a parameter is deprecated. #define GLM_FORCE_RADIANS before including GLM headers to remove this message.
         GLM: perspective function taking degrees as a parameter is deprecated. #define GLM_FORCE_RADIANS before including GLM headers to remove this message.
       Link:
         C:\Program Files (x86)\Microsoft Visual Studio 11.0\VC\bin\link.exe /ERRORREPORT:PROMPT /OUT:"C:\Users\Patrick\Desktop\AnimationLab12\Debug\AnimationLab1.exe" /INCREMENTAL /NOLOGO /LIBPATH:"C:\Users\Patrick\Desktop\AnimationLab12\\AnimationLab1\assimp--3.0.1270-sdk\lib\assimp_debug-dll_win32" /LIBPATH:C:\Users\Patrick\Desktop\AnimationLab12\\AnimationLab1\freeglut\lib /LIBPATH:"C:\Users\Patrick\Desktop\AnimationLab12\\AnimationLab1\glew-1.10.0\lib\Release\Win32" freeglut.lib glew32.lib assimp.lib kernel32.lib user32.lib gdi32.lib winspool.lib comdlg32.lib advapi32.lib shell32.lib ole32.lib oleaut32.lib uuid.lib odbc32.lib odbccp32.lib /MANIFEST /MANIFESTUAC:"level='asInvoker' uiAccess='false'" /manifest:embed /DEBUG /PDB:"C:\Users\Patrick\Desktop\AnimationLab12\Debug\AnimationLab1.pdb" /SUBSYSTEM:CONSOLE /TLBID:1 /DYNAMICBASE /NXCOMPAT /IMPLIB:"C:\Users\Patrick\Desktop\AnimationLab12\Debug\AnimationLab1.lib" /MACHINE:X86 Debug\Bone.obj
         Debug\Camera.obj
         Debug\Helper.obj
         Debug\main.obj
         Debug\Mesh.obj
         Debug\Shader.obj
         Debug\ShaderManager.obj
         Debug\Skeleton.obj
         AnimationLab1.vcxproj -> C:\Users\Patrick\Desktop\AnimationLab12\Debug\AnimationLab1.exe
     1>Done Building Project "C:\Users\Patrick\Desktop\AnimationLab12\AnimationLab1\AnimationLab1.vcxproj" (Build target(s)).

Build succeeded.

Time Elapsed 00:00:06.83
